2022-07-05 15:07:21 [ERROR] tettete (test_demo1.py:6)
2022-07-05 15:07:21 [INFO] 123123435 (test_demo1.py:11)
2022-07-05 15:07:21 [WARNING] 123124444 (test_demo1.py:12)
2022-07-05 15:07:21 [DEBUG] 456 (test_demo1.py:13)
2022-07-05 15:07:21 [ERROR] ddddd (test_demo1.py:14)
2022-07-05 15:07:31 [ERROR] tettete (test_demo1.py:6)
2022-07-05 15:07:31 [INFO] 123123435 (test_demo1.py:11)
2022-07-05 15:07:31 [WARNING] 123124444 (test_demo1.py:12)
2022-07-05 15:07:31 [DEBUG] 456 (test_demo1.py:13)
2022-07-05 15:07:31 [ERROR] ddddd (test_demo1.py:14)
